  Game.cpp
C:\Users\bmozd\Desktop\CP3_repo\6d54adc6-gr14-repo\Project\CP3_Project\CP3_Project\Game.cpp(24,59): warning C4244: "argument": konwersja z "int" do "T", możliwa utrata danych
          with
          [
              T=float
          ]
C:\Users\bmozd\Desktop\CP3_repo\6d54adc6-gr14-repo\Project\CP3_Project\CP3_Project\Game.cpp(29,57): warning C4244: "argument": konwersja z "int" do "T", możliwa utrata danych
          with
          [
              T=float
          ]
C:\Users\bmozd\Desktop\CP3_repo\6d54adc6-gr14-repo\Project\CP3_Project\CP3_Project\Game.cpp(34,63): warning C4244: "argument": konwersja z "int" do "T", możliwa utrata danych
          with
          [
              T=float
          ]
C:\Users\bmozd\Desktop\CP3_repo\6d54adc6-gr14-repo\Project\CP3_Project\CP3_Project\Game.cpp(93,21): warning C4018: "<": niezgodność typu ze znakiem/bez znaku
C:\Users\bmozd\Desktop\CP3_repo\6d54adc6-gr14-repo\Project\CP3_Project\CP3_Project\Game.cpp(105,21): warning C4018: "<": niezgodność typu ze znakiem/bez znaku
C:\Users\bmozd\Desktop\CP3_repo\6d54adc6-gr14-repo\Project\CP3_Project\CP3_Project\Game.cpp(187,20): warning C4018: "<": niezgodność typu ze znakiem/bez znaku
C:\Users\bmozd\Desktop\CP3_repo\6d54adc6-gr14-repo\Project\CP3_Project\CP3_Project\Game.cpp(203,20): warning C4018: "<": niezgodność typu ze znakiem/bez znaku
C:\Users\bmozd\Desktop\CP3_repo\6d54adc6-gr14-repo\Project\CP3_Project\CP3_Project\Game.cpp(219,20): warning C4018: "<": niezgodność typu ze znakiem/bez znaku
  CP3_Project.vcxproj -> C:\Users\bmozd\Desktop\CP3_repo\6d54adc6-gr14-repo\Project\CP3_Project\Debug\CP3_Project.exe
