  BlueAlien.cpp
C:\Users\bmozd\Desktop\projects\spaceShooter\CP3_Project\BlueAlien.cpp(36,24): warning C4305: '-=': truncation from 'double' to 'float'
  Bullet.cpp
  Entity.cpp
  Game.cpp
  The contents of <optional> are available only with C++17 or later.
  GameState.cpp
C:\Users\bmozd\Desktop\projects\spaceShooter\CP3_Project\GameState.cpp(48,66): warning C4244: 'argument': conversion from 'int' to 'T', possible loss of data
          with
          [
              T=float
          ]
C:\Users\bmozd\Desktop\projects\spaceShooter\CP3_Project\GameState.cpp(54,65): warning C4244: 'argument': conversion from 'int' to 'T', possible loss of data
          with
          [
              T=float
          ]
C:\Users\bmozd\Desktop\projects\spaceShooter\CP3_Project\GameState.cpp(60,68): warning C4244: 'argument': conversion from 'int' to 'T', possible loss of data
          with
          [
              T=float
          ]
C:\Users\bmozd\Desktop\projects\spaceShooter\CP3_Project\GameState.cpp(142,21): warning C4018: '<': signed/unsigned mismatch
C:\Users\bmozd\Desktop\projects\spaceShooter\CP3_Project\GameState.cpp(157,20): warning C4018: '<': signed/unsigned mismatch
C:\Users\bmozd\Desktop\projects\spaceShooter\CP3_Project\GameState.cpp(10,1): error C2955: 'std::uniform_int_distribution': use of class template requires template argument list
C:\Program Files (x86)\Microsoft Visual Studio\2019\Community\VC\Tools\MSVC\14.29.30133\include\random(1861): message : see declaration of 'std::uniform_int_distribution'
C:\Users\bmozd\Desktop\projects\spaceShooter\CP3_Project\GameState.cpp(106): message : see reference to function template instantiation 'T getRandom<int>(T,T)' being compiled
          with
          [
              T=int
          ]
C:\Users\bmozd\Desktop\projects\spaceShooter\CP3_Project\GameState.cpp(10,1): error C2514: 'std::uniform_int_distribution': class template cannot be constructed
C:\Program Files (x86)\Microsoft Visual Studio\2019\Community\VC\Tools\MSVC\14.29.30133\include\random(1861): message : see declaration of 'std::uniform_int_distribution'
  Gui.cpp
  Main.cpp
  The contents of <optional> are available only with C++17 or later.
C:\Users\bmozd\Desktop\projects\spaceShooter\CP3_Project\Main.cpp(20,15): warning C4244: 'argument': conversion from 'time_t' to 'unsigned int', possible loss of data
  MainMenuState.cpp
  The contents of <optional> are available only with C++17 or later.
  Player.cpp
C:\Users\bmozd\Desktop\projects\spaceShooter\CP3_Project\Player.cpp(17,28): warning C4305: 'argument': truncation from 'double' to 'float'
  RedAlien.cpp
C:\Users\bmozd\Desktop\projects\spaceShooter\CP3_Project\RedAlien.cpp(37,22): warning C4305: '-=': truncation from 'double' to 'float'
  State.cpp
  YellowAlien.cpp
C:\Users\bmozd\Desktop\projects\spaceShooter\CP3_Project\YellowAlien.cpp(20,48): warning C4305: '=': truncation from 'double' to 'float'
C:\Users\bmozd\Desktop\projects\spaceShooter\CP3_Project\YellowAlien.cpp(40,23): warning C4305: '-=': truncation from 'double' to 'float'
